0 info it worked if it ends with ok
1 verbose cli [ '/usr/bin/nodejs',
1 verbose cli   '/home/rabah/.npm-global/bin/npm',
1 verbose cli   'run',
1 verbose cli   'prep' ]
2 info using npm@3.10.7
3 info using node@v6.6.0
4 verbose run-script [ 'prep' ]
5 info lifecycle aurelia-mdl-plugin@0.1.8~prep: aurelia-mdl-plugin@0.1.8
6 verbose lifecycle aurelia-mdl-plugin@0.1.8~prep: unsafe-perm in lifecycle true
7 verbose lifecycle aurelia-mdl-plugin@0.1.8~prep: PATH: /home/rabah/.npm-global/lib/node_modules/npm/bin/node-gyp-bin:/home/rabah/Documents/Code/aurelia-mdl-plugin/node_modules/.bin:/home/rabah/.composer/vendor/bin:/home/rabah/.npm-global/bin:/usr/local/sbin:/usr/local/bin:/usr/sbin:/usr/bin:/sbin:/bin:/usr/games:/usr/local/games:/snap/bin
8 verbose lifecycle aurelia-mdl-plugin@0.1.8~prep: CWD: /home/rabah/Documents/Code/aurelia-mdl-plugin
9 silly lifecycle aurelia-mdl-plugin@0.1.8~prep: Args: [ '-c', 'gulp prepare-release --bump=patch && npm run push' ]
10 silly lifecycle aurelia-mdl-plugin@0.1.8~prep: Returned: code: 1  signal: null
11 info lifecycle aurelia-mdl-plugin@0.1.8~prep: Failed to exec prep script
12 verbose stack Error: aurelia-mdl-plugin@0.1.8 prep: `gulp prepare-release --bump=patch && npm run push`
12 verbose stack Exit status 1
12 verbose stack     at EventEmitter.<anonymous> (/home/rabah/.npm-global/lib/node_modules/npm/lib/utils/lifecycle.js:255:16)
12 verbose stack     at emitTwo (events.js:106:13)
12 verbose stack     at EventEmitter.emit (events.js:191:7)
12 verbose stack     at ChildProcess.<anonymous> (/home/rabah/.npm-global/lib/node_modules/npm/lib/utils/spawn.js:40:14)
12 verbose stack     at emitTwo (events.js:106:13)
12 verbose stack     at ChildProcess.emit (events.js:191:7)
12 verbose stack     at maybeClose (internal/child_process.js:877:16)
12 verbose stack     at Process.ChildProcess._handle.onexit (internal/child_process.js:226:5)
13 verbose pkgid aurelia-mdl-plugin@0.1.8
14 verbose cwd /home/rabah/Documents/Code/aurelia-mdl-plugin
15 error Linux 4.4.0-36-generic
16 error argv "/usr/bin/nodejs" "/home/rabah/.npm-global/bin/npm" "run" "prep"
17 error node v6.6.0
18 error npm  v3.10.7
19 error code ELIFECYCLE
20 error aurelia-mdl-plugin@0.1.8 prep: `gulp prepare-release --bump=patch && npm run push`
20 error Exit status 1
21 error Failed at the aurelia-mdl-plugin@0.1.8 prep script 'gulp prepare-release --bump=patch && npm run push'.
21 error Make sure you have the latest version of node.js and npm installed.
21 error If you do, this is most likely a problem with the aurelia-mdl-plugin package,
21 error not with npm itself.
21 error Tell the author that this fails on your system:
21 error     gulp prepare-release --bump=patch && npm run push
21 error You can get information on how to open an issue for this project with:
21 error     npm bugs aurelia-mdl-plugin
21 error Or if that isn't available, you can get their info via:
21 error     npm owner ls aurelia-mdl-plugin
21 error There is likely additional logging output above.
22 verbose exit [ 1, true ]
